<?xml version="1.0" encoding="UTF-8"?>
<testng-results ignored="0" total="1" passed="1" failed="0" skipped="0">
  <reporter-output>
  </reporter-output>
  <suite started-at="2026-03-05T11:23:03 IST" name="Default suite" finished-at="2026-03-05T11:33:45 IST" duration-ms="642085">
    <groups>
      <group name="cucumber">
        <method signature="AbstractTestNGCucumberTests.runScenario(io.cucumber.testng.PickleWrapper,io.cucumber.testng.FeatureWrapper)[pri:0, instance:com.poorna.Runner.Runner@7098b907]" name="runScenario" class="io.cucumber.testng.AbstractTestNGCucumberTests"/>
      </group> <!-- cucumber -->
    </groups>
    <test started-at="2026-03-05T11:23:03 IST" name="Default test" finished-at="2026-03-05T11:33:45 IST" duration-ms="642085">
      <class name="com.poorna.Runner.Runner">
        <test-method is-config="true" signature="setUpClass(org.testng.ITestContext)[pri:0, instance:com.poorna.Runner.Runner@7098b907]" started-at="2026-03-05T11:23:03 IST" name="setUpClass" finished-at="2026-03-05T11:23:03 IST" duration-ms="394" status="PASS">
          <params>
            <param index="0">
              <value>
                <![CDATA[org.testng.TestRunner@e3994ef]]>
              </value>
            </param>
          </params>
          <reporter-output>
          </reporter-output>
        </test-method> <!-- setUpClass -->
        <test-method signature="runScenario(io.cucumber.testng.PickleWrapper,io.cucumber.testng.FeatureWrapper)[pri:0, instance:com.poorna.Runner.Runner@7098b907]" started-at="2026-03-05T11:23:03 IST" name="runScenario" description="Runs Cucumber Scenarios" data-provider="scenarios" finished-at="2026-03-05T11:33:45 IST" duration-ms="641604" status="PASS">
          <params>
            <param index="0">
              <value>
                <![CDATA["Amazon product search"]]>
              </value>
            </param>
            <param index="1">
              <value>
                <![CDATA["Title of your feature"]]>
              </value>
            </param>
          </params>
          <reporter-output>
          </reporter-output>
        </test-method> <!-- runScenario -->
        <test-method is-config="true" signature="tearDownClass()[pri:0, instance:com.poorna.Runner.Runner@7098b907]" started-at="2026-03-05T11:33:45 IST" name="tearDownClass" finished-at="2026-03-05T11:33:45 IST" duration-ms="41" status="PASS">
          <reporter-output>
          </reporter-output>
        </test-method> <!-- tearDownClass -->
      </class> <!-- com.poorna.Runner.Runner -->
    </test> <!-- Default test -->
  </suite> <!-- Default suite -->
</testng-results>
